<?xml version="1.0" encoding="UTF-8"?>
<!-- Generated by org.testng.reporters.JUnitXMLReporter -->
<testsuite ignored="0" hostname="DESKTOP-HOED7JD" failures="0" tests="6" name="Test" time="0.168" errors="0" timestamp="2024-01-24T11:09:46 IST">
  <testcase classname="practice.sample" name="Tuesday" time="0.015"/>
  <testcase classname="practice.sample" name="monday" time="0.003"/>
  <testcase classname="practice.today" name="Thursday" time="0.003"/>
  <testcase classname="practice.today" name="wednesday" time="0.002"/>
  <testcase classname="practice.hello" name="pract" time="0.002"/>
  <testcase classname="practice.hello" name="pract2" time="0.027"/>
</testsuite> <!-- Test -->
