<?xml version="1.0" encoding="UTF-8"?>
<testng-results ignored="0" total="6" passed="6" failed="0" skipped="0">
  <reporter-output>
  </reporter-output>
  <suite started-at="2024-01-24T11:09:46 IST" name="Suite" finished-at="2024-01-24T11:09:46 IST" duration-ms="168">
    <groups>
      <group name="regression">
        <method signature="hello.pract2()[pri:0, instance:practice.hello@76b1e9b8]" name="pract2" class="practice.hello"/>
        <method signature="sample.Tuesday()[pri:0, instance:practice.sample@2a265ea9]" name="Tuesday" class="practice.sample"/>
        <method signature="today.wednesday()[pri:0, instance:practice.today@17f62e33]" name="wednesday" class="practice.today"/>
      </group> <!-- regression -->
      <group name="smoke">
        <method signature="hello.pract()[pri:0, instance:practice.hello@76b1e9b8]" name="pract" class="practice.hello"/>
        <method signature="hello.pract2()[pri:0, instance:practice.hello@76b1e9b8]" name="pract2" class="practice.hello"/>
        <method signature="sample.Tuesday()[pri:0, instance:practice.sample@2a265ea9]" name="Tuesday" class="practice.sample"/>
        <method signature="sample.monday()[pri:0, instance:practice.sample@2a265ea9]" name="monday" class="practice.sample"/>
        <method signature="today.Thursday()[pri:0, instance:practice.today@17f62e33]" name="Thursday" class="practice.today"/>
        <method signature="today.wednesday()[pri:0, instance:practice.today@17f62e33]" name="wednesday" class="practice.today"/>
      </group> <!-- smoke -->
    </groups>
    <test started-at="2024-01-24T11:09:46 IST" name="Test" finished-at="2024-01-24T11:09:46 IST" duration-ms="168">
      <class name="practice.hello">
        <test-method signature="pract()[pri:0, instance:practice.hello@76b1e9b8]" started-at="2024-01-24T11:09:46 IST" name="pract" finished-at="2024-01-24T11:09:46 IST" duration-ms="2" status="PASS">
          <reporter-output>
          </reporter-output>
        </test-method> <!-- pract -->
        <test-method signature="pract2()[pri:0, instance:practice.hello@76b1e9b8]" started-at="2024-01-24T11:09:46 IST" name="pract2" finished-at="2024-01-24T11:09:46 IST" duration-ms="27" status="PASS">
          <reporter-output>
          </reporter-output>
        </test-method> <!-- pract2 -->
      </class> <!-- practice.hello -->
      <class name="practice.sample">
        <test-method signature="Tuesday()[pri:0, instance:practice.sample@2a265ea9]" started-at="2024-01-24T11:09:46 IST" name="Tuesday" finished-at="2024-01-24T11:09:46 IST" duration-ms="15" status="PASS">
          <reporter-output>
          </reporter-output>
        </test-method> <!-- Tuesday -->
        <test-method signature="monday()[pri:0, instance:practice.sample@2a265ea9]" started-at="2024-01-24T11:09:46 IST" name="monday" finished-at="2024-01-24T11:09:46 IST" duration-ms="3" status="PASS">
          <reporter-output>
          </reporter-output>
        </test-method> <!-- monday -->
      </class> <!-- practice.sample -->
      <class name="practice.today">
        <test-method signature="Thursday()[pri:0, instance:practice.today@17f62e33]" started-at="2024-01-24T11:09:46 IST" name="Thursday" finished-at="2024-01-24T11:09:46 IST" duration-ms="3" status="PASS">
          <reporter-output>
          </reporter-output>
        </test-method> <!-- Thursday -->
        <test-method signature="wednesday()[pri:0, instance:practice.today@17f62e33]" started-at="2024-01-24T11:09:46 IST" name="wednesday" finished-at="2024-01-24T11:09:46 IST" duration-ms="2" status="PASS">
          <reporter-output>
          </reporter-output>
        </test-method> <!-- wednesday -->
      </class> <!-- practice.today -->
    </test> <!-- Test -->
  </suite> <!-- Suite -->
</testng-results>
